<?xml version="1.0" encoding="UTF-8"?>
<testsuite xmlns:xsi="http://www.w3.org/2001/XMLSchema-instance" xsi:noNamespaceSchemaLocation="https://maven.apache.org/surefire/maven-surefire-plugin/xsd/surefire-test-report-3.0.xsd" version="3.0" name="edu.vt.vthacks.VthacksApplicationTests" time="4.623" tests="1" errors="0" skipped="0" failures="0">
  <properties>
[...]
</properties>
  <testcase name="contextLoads" classname="edu.vt.vthacks.VthacksApplicationTests" time="0.584">
    <system-out><![CDATA[20:42:49.128 [main] INFO org.springframework.test.context.support.AnnotationConfigContextLoaderUtils -- Could not detect default configuration classes for test class [edu.vt.vthacks.VthacksApplicationTests]: VthacksApplicationTests does not declare any static, non-private, non-final, nested classes annotated with @Configuration.
20:42:49.286 [main] INFO org.springframework.boot.test.context.SpringBootTestContextBootstrapper -- Found @SpringBootConfiguration edu.vt.vthacks.VthacksApplication for test class edu.vt.vthacks.VthacksApplicationTests

  .   ____          _            __ _ _
 /\\ / ___'_ __ _ _(_)_ __  __ _ \ \ \ \
( ( )\___ | '_ | '_| | '_ \/ _` | \ \ \ \
 \\/  ___)| |_)| | | | | || (_| |  ) ) ) )
  '  |____| .__|_| |_|_| |_\__, | / / / /
 =========|_|==============|___/=/_/_/_/
 :: Spring Boot ::                (v3.1.3)

2023-09-25T20:42:49.830-04:00  INFO 1604 --- [           main] edu.vt.vthacks.VthacksApplicationTests   : Starting VthacksApplicationTests using Java 17.0.1 with PID 1604 (started by Matthew in C:\Users\Matthew\CloudDeploy\NavVT\vthacks\vthacks)
2023-09-25T20:42:49.832-04:00  INFO 1604 --- [           main] edu.vt.vthacks.VthacksApplicationTests   : No active profile set, falling back to 1 default profile: "default"
2023-09-25T20:42:50.576-04:00  INFO 1604 --- [           main] .s.d.r.c.RepositoryConfigurationDelegate : Bootstrapping Spring Data JPA repositories in DEFAULT mode.
2023-09-25T20:42:50.603-04:00  INFO 1604 --- [           main] .s.d.r.c.RepositoryConfigurationDelegate : Finished Spring Data repository scanning in 15 ms. Found 0 JPA repository interfaces.
2023-09-25T20:42:51.160-04:00  INFO 1604 --- [           main] com.zaxxer.hikari.HikariDataSource       : HikariPool-1 - Starting...
2023-09-25T20:42:51.381-04:00  INFO 1604 --- [           main] com.zaxxer.hikari.pool.HikariPool        : HikariPool-1 - Added connection conn0: url=jdbc:h2:mem:b353fe99-0c27-4b63-a02a-f8a2cc9e4ea9 user=SA
2023-09-25T20:42:51.382-04:00  INFO 1604 --- [           main] com.zaxxer.hikari.HikariDataSource       : HikariPool-1 - Start completed.
2023-09-25T20:42:51.435-04:00  INFO 1604 --- [           main] o.hibernate.jpa.internal.util.LogHelper  : HHH000204: Processing PersistenceUnitInfo [name: default]
2023-09-25T20:42:51.494-04:00  INFO 1604 --- [           main] org.hibernate.Version                    : HHH000412: Hibernate ORM core version 6.2.7.Final
2023-09-25T20:42:51.496-04:00  INFO 1604 --- [           main] org.hibernate.cfg.Environment            : HHH000406: Using bytecode reflection optimizer
2023-09-25T20:42:51.665-04:00  INFO 1604 --- [           main] o.h.b.i.BytecodeProviderInitiator        : HHH000021: Bytecode provider name : bytebuddy
2023-09-25T20:42:51.834-04:00  INFO 1604 --- [           main] o.s.o.j.p.SpringPersistenceUnitInfo      : No LoadTimeWeaver setup: ignoring JPA class transformer
2023-09-25T20:42:52.000-04:00  INFO 1604 --- [           main] o.h.b.i.BytecodeProviderInitiator        : HHH000021: Bytecode provider name : bytebuddy
2023-09-25T20:42:52.307-04:00  INFO 1604 --- [           main] o.h.e.t.j.p.i.JtaPlatformInitiator       : HHH000490: Using JtaPlatform implementation: [org.hibernate.engine.transaction.jta.platform.internal.NoJtaPlatform]
2023-09-25T20:42:52.313-04:00  INFO 1604 --- [           main] j.LocalContainerEntityManagerFactoryBean : Initialized JPA EntityManagerFactory for persistence unit 'default'
2023-09-25T20:42:52.503-04:00  WARN 1604 --- [           main] JpaBaseConfiguration$JpaWebConfiguration : spring.jpa.open-in-view is enabled by default. Therefore, database queries may be performed during view rendering. Explicitly configure spring.jpa.open-in-view to disable this warning
2023-09-25T20:42:52.913-04:00  INFO 1604 --- [           main] edu.vt.vthacks.VthacksApplicationTests   : Started VthacksApplicationTests in 3.416 seconds (process running for 4.527)
]]></system-out>
  </testcase>
</testsuite>